0 info it worked if it ends with ok
1 verbose cli [ '/usr/bin/nodejs',
1 verbose cli   '/usr/bin/npm',
1 verbose cli   'install',
1 verbose cli   'foundation',
1 verbose cli   '--save-dev' ]
2 info using npm@3.3.12
3 info using node@v5.3.0
4 silly loadCurrentTree Starting
5 silly install loadCurrentTree
6 silly install readLocalPackageData
7 silly fetchPackageMetaData foundation
8 silly fetchNamedPackageData foundation
9 silly mapToRegistry name foundation
10 silly mapToRegistry using default registry
11 silly mapToRegistry registry https://registry.npmjs.org/
12 silly mapToRegistry uri https://registry.npmjs.org/foundation
13 verbose request uri https://registry.npmjs.org/foundation
14 verbose request no auth needed
15 info attempt registry request try #1 at 10:06:51 PM
16 verbose request id 3a23ab5fc002bb42
17 http request GET https://registry.npmjs.org/foundation
18 http 200 https://registry.npmjs.org/foundation
19 verbose headers { server: 'CouchDB/1.5.0 (Erlang OTP/R16B03)',
19 verbose headers   etag: '"4U28QOWDOJUWQKUBUUYSI2PIM"',
19 verbose headers   'content-type': 'application/json',
19 verbose headers   'cache-control': 'max-age=300',
19 verbose headers   'content-length': '156023',
19 verbose headers   'accept-ranges': 'bytes',
19 verbose headers   date: 'Sat, 26 Dec 2015 03:06:51 GMT',
19 verbose headers   via: '1.1 varnish',
19 verbose headers   age: '13',
19 verbose headers   connection: 'keep-alive',
19 verbose headers   'x-served-by': 'cache-sin6924-SIN',
19 verbose headers   'x-cache': 'HIT',
19 verbose headers   'x-cache-hits': '1',
19 verbose headers   'x-timer': 'S1451099211.517218,VS0,VE3',
19 verbose headers   vary: 'Accept' }
20 silly get cb [ 200,
20 silly get   { server: 'CouchDB/1.5.0 (Erlang OTP/R16B03)',
20 silly get     etag: '"4U28QOWDOJUWQKUBUUYSI2PIM"',
20 silly get     'content-type': 'application/json',
20 silly get     'cache-control': 'max-age=300',
20 silly get     'content-length': '156023',
20 silly get     'accept-ranges': 'bytes',
20 silly get     date: 'Sat, 26 Dec 2015 03:06:51 GMT',
20 silly get     via: '1.1 varnish',
20 silly get     age: '13',
20 silly get     connection: 'keep-alive',
20 silly get     'x-served-by': 'cache-sin6924-SIN',
20 silly get     'x-cache': 'HIT',
20 silly get     'x-cache-hits': '1',
20 silly get     'x-timer': 'S1451099211.517218,VS0,VE3',
20 silly get     vary: 'Accept' } ]
21 verbose get saving foundation to /root/.npm/registry.npmjs.org/foundation/.cache.json
22 silly install normalizeTree
23 silly loadCurrentTree Finishing
24 silly loadIdealTree Starting
25 silly install loadIdealTree
26 silly cloneCurrentTree Starting
27 silly install cloneCurrentTreeToIdealTree
28 silly cloneCurrentTree Finishing
29 silly loadShrinkwrap Starting
30 silly install loadShrinkwrap
31 silly loadShrinkwrap Finishing
32 silly loadAllDepsIntoIdealTree Starting
33 silly install loadAllDepsIntoIdealTree
34 silly resolveWithNewModule foundation@4.1.6 checking installable status
35 silly cache add args [ 'foundation', null ]
36 verbose cache add spec foundation
37 silly cache add parsed spec Result {
37 silly cache add   raw: 'foundation',
37 silly cache add   scope: null,
37 silly cache add   name: 'foundation',
37 silly cache add   rawSpec: '',
37 silly cache add   spec: '*',
37 silly cache add   type: 'range' }
38 silly addNamed foundation@*
39 verbose addNamed "*" is a valid semver range for foundation
40 silly addNameRange { name: 'foundation', range: '*', hasData: false }
41 silly mapToRegistry name foundation
42 silly mapToRegistry using default registry
43 silly mapToRegistry registry https://registry.npmjs.org/
44 silly mapToRegistry uri https://registry.npmjs.org/foundation
45 verbose addNameRange registry:https://registry.npmjs.org/foundation not in flight; fetching
46 verbose get https://registry.npmjs.org/foundation not expired, no request
47 silly addNameRange number 2 { name: 'foundation', range: '*', hasData: true }
48 silly addNameRange versions [ 'foundation',
48 silly addNameRange   [ '4.0.0-wip',
48 silly addNameRange     '4.1.1',
48 silly addNameRange     '4.1.1-s1',
48 silly addNameRange     '4.1.1-s2',
48 silly addNameRange     '4.1.2',
48 silly addNameRange     '4.1.2-stylus1',
48 silly addNameRange     '4.1.2-stylus2',
48 silly addNameRange     '4.1.3',
48 silly addNameRange     '4.1.5',
48 silly addNameRange     '4.1.5-1',
48 silly addNameRange     '4.1.5-2',
48 silly addNameRange     '4.1.6',
48 silly addNameRange     '4.1.6-1',
48 silly addNameRange     '4.1.6-2',
48 silly addNameRange     '4.1.6-3',
48 silly addNameRange     '4.1.6-4',
48 silly addNameRange     '4.1.6-5',
48 silly addNameRange     '4.2.1',
48 silly addNameRange     '4.2.1-1' ] ]
49 silly addNamed foundation@4.2.1
50 verbose addNamed "4.2.1" is a plain semver version for foundation
51 silly mapToRegistry name foundation
52 silly mapToRegistry using default registry
53 silly mapToRegistry registry https://registry.npmjs.org/
54 silly mapToRegistry uri https://registry.npmjs.org/foundation
55 verbose addRemoteTarball https://registry.npmjs.org/foundation/-/foundation-4.2.1.tgz not in flight; adding
56 verbose addRemoteTarball [ 'https://registry.npmjs.org/foundation/-/foundation-4.2.1.tgz',
56 verbose addRemoteTarball   'f2646e6520c678f9f7302a68f3031220f44d5e7e' ]
57 info retry fetch attempt 1 at 10:06:51 PM
58 info attempt registry request try #1 at 10:06:51 PM
59 http fetch GET https://registry.npmjs.org/foundation/-/foundation-4.2.1.tgz
60 http fetch 200 https://registry.npmjs.org/foundation/-/foundation-4.2.1.tgz
61 silly fetchAndShaCheck shasum f2646e6520c678f9f7302a68f3031220f44d5e7e
62 verbose addTmpTarball /tmp/npm-10745-f975cf96/registry.npmjs.org/foundation/-/foundation-4.2.1.tgz not in flight; adding
63 verbose addTmpTarball already have metadata; skipping unpack for foundation@4.2.1
64 silly cache afterAdd foundation@4.2.1
65 verbose afterAdd /root/.npm/foundation/4.2.1/package/package.json not in flight; writing
66 verbose afterAdd /root/.npm/foundation/4.2.1/package/package.json written
67 silly rollbackFailedOptional Starting
68 silly rollbackFailedOptional Finishing
69 silly runTopLevelLifecycles Starting
70 silly runTopLevelLifecycles Finishing
71 silly install printInstalled
72 verbose stack Error: Error extracting /root/.npm/foundation/4.1.6/package.tgz archive: ENOENT: no such file or directory, open '/root/.npm/foundation/4.1.6/package.tgz'
72 verbose stack     at ReadStream.<anonymous> (/usr/lib/node_modules/npm/lib/fetch-package-metadata.js:286:10)
72 verbose stack     at emitOne (events.js:77:13)
72 verbose stack     at ReadStream.emit (events.js:169:7)
72 verbose stack     at /usr/lib/node_modules/npm/node_modules/graceful-fs/graceful-fs.js:179:14
72 verbose stack     at /usr/lib/node_modules/npm/node_modules/graceful-fs/graceful-fs.js:230:16
72 verbose stack     at FSReqWrap.oncomplete (fs.js:82:15)
73 verbose cwd /home/salman/projects/ims
74 error Linux 3.16.0-4-amd64
75 error argv "/usr/bin/nodejs" "/usr/bin/npm" "install" "foundation" "--save-dev"
76 error node v5.3.0
77 error npm  v3.3.12
78 error code EREADFILE
79 error Error extracting /root/.npm/foundation/4.1.6/package.tgz archive: ENOENT: no such file or directory, open '/root/.npm/foundation/4.1.6/package.tgz'
80 error If you need help, you may report this error at:
80 error     <https://github.com/npm/npm/issues>
81 verbose exit [ 1, true ]
